<?xml version="1.0" encoding="UTF-8"?>
<!-- Generated by org.testng.reporters.JUnitReportReporter -->
<testsuite skipped="0" hostname="acer" name="com.restassured.testcases.TC001_GET_AllEmployees" tests="9" failures="0" timestamp="16 Apr 2020 10:02:42 GMT" time="0.093" errors="0">
  <testcase name="CheckServer" time="0.009" classname="com.restassured.testcases.TC001_GET_AllEmployees"/>
  <testcase name="CheckResponseBody" time="0.037" classname="com.restassured.testcases.TC001_GET_AllEmployees"/>
  <testcase name="CheckResponseTime" time="0.004" classname="com.restassured.testcases.TC001_GET_AllEmployees"/>
  <testcase name="CheckContentLength" time="0.003" classname="com.restassured.testcases.TC001_GET_AllEmployees"/>
  <testcase name="getCookies" time="0.007" classname="com.restassured.testcases.TC001_GET_AllEmployees"/>
  <testcase name="CheckContentEncoding" time="0.020" classname="com.restassured.testcases.TC001_GET_AllEmployees"/>
  <testcase name="CheckStatusCode" time="0.003" classname="com.restassured.testcases.TC001_GET_AllEmployees"/>
  <testcase name="CheckContentType" time="0.005" classname="com.restassured.testcases.TC001_GET_AllEmployees"/>
  <testcase name="CheckStatusLine" time="0.005" classname="com.restassured.testcases.TC001_GET_AllEmployees"/>
</testsuite> <!-- com.restassured.testcases.TC001_GET_AllEmployees -->
