<?xml version="1.0" encoding="UTF-8"?>
<!-- Generated by org.testng.reporters.JUnitReportReporter -->
<testsuite skipped="0" hostname="acer" name="datadriventesting.TC004_POST_DataProvider" tests="5" failures="0" timestamp="15 Apr 2020 11:24:09 GMT" time="9.321" errors="0">
  <testcase name="createEmployee" time="0.863" classname="datadriventesting.TC004_POST_DataProvider"/>
  <testcase name="createEmployee" time="5.843" classname="datadriventesting.TC004_POST_DataProvider"/>
  <testcase name="createEmployee" time="0.898" classname="datadriventesting.TC004_POST_DataProvider"/>
  <testcase name="createEmployee" time="0.867" classname="datadriventesting.TC004_POST_DataProvider"/>
  <testcase name="createEmployee" time="0.850" classname="datadriventesting.TC004_POST_DataProvider"/>
</testsuite> <!-- datadriventesting.TC004_POST_DataProvider -->
