<?xml version="1.0" encoding="UTF-8"?>
<!-- Generated by org.testng.reporters.JUnitReportReporter -->
<testsuite skipped="0" hostname="acer" name="com.restassured.testcases.TC003_POST_AddEmployee" tests="3" failures="0" timestamp="16 Apr 2020 10:02:42 GMT" time="0.010" errors="0">
  <testcase name="CheckStatusCode" time="0.003" classname="com.restassured.testcases.TC003_POST_AddEmployee"/>
  <testcase name="CheckResponseBody" time="0.003" classname="com.restassured.testcases.TC003_POST_AddEmployee"/>
  <testcase name="CheckResponseTime" time="0.004" classname="com.restassured.testcases.TC003_POST_AddEmployee"/>
</testsuite> <!-- com.restassured.testcases.TC003_POST_AddEmployee -->
