<?xml version="1.0" encoding="UTF-8"?>
<!-- Generated by org.testng.reporters.JUnitReportReporter -->
<testsuite skipped="0" hostname="acer" name="TC001_GET_Request1" tests="1" failures="0" timestamp="15 Apr 2020 09:39:11 GMT" time="5.314" errors="0">
  <testcase name="getWeatherDetails" time="5.314" classname="TC001_GET_Request1"/>
</testsuite> <!-- TC001_GET_Request1 -->
