<?xml version="1.0" encoding="UTF-8"?>
<!-- Generated by org.testng.reporters.JUnitReportReporter -->
<testsuite skipped="0" hostname="acer" name="TC002_POST_Request2" tests="1" failures="0" timestamp="15 Apr 2020 07:52:53 GMT" time="4.850" errors="0">
  <testcase name="registerCustomer" time="4.850" classname="TC002_POST_Request2"/>
</testsuite> <!-- TC002_POST_Request2 -->
