<?xml version="1.0" encoding="UTF-8"?>
<!-- Generated by org.testng.reporters.JUnitReportReporter -->
<testsuite skipped="0" hostname="acer" name="com.restassured.testcases.TC004_PUT_EditSingleEmployee" tests="3" failures="0" timestamp="16 Apr 2020 10:02:42 GMT" time="0.006" errors="0">
  <testcase name="CheckResponseBody" time="0.002" classname="com.restassured.testcases.TC004_PUT_EditSingleEmployee"/>
  <testcase name="CheckResponseTime" time="0.002" classname="com.restassured.testcases.TC004_PUT_EditSingleEmployee"/>
  <testcase name="CheckStatusCode" time="0.002" classname="com.restassured.testcases.TC004_PUT_EditSingleEmployee"/>
</testsuite> <!-- com.restassured.testcases.TC004_PUT_EditSingleEmployee -->
