<?xml version="1.0" encoding="UTF-8"?>
<!-- Generated by org.testng.reporters.JUnitReportReporter -->
<testsuite skipped="0" hostname="acer" name="TC004_POST_DataProvider" tests="4" failures="0" timestamp="15 Apr 2020 10:39:18 GMT" time="12.552" errors="0">
  <testcase name="createEmployee" time="5.994" classname="TC004_POST_DataProvider"/>
  <testcase name="createEmployee" time="0.882" classname="TC004_POST_DataProvider"/>
  <testcase name="createEmployee" time="0.830" classname="TC004_POST_DataProvider"/>
  <testcase name="createEmployee" time="4.846" classname="TC004_POST_DataProvider"/>
</testsuite> <!-- TC004_POST_DataProvider -->
