<?xml version="1.0" encoding="UTF-8"?>
<!-- Generated by org.testng.reporters.JUnitReportReporter -->
<testsuite skipped="0" hostname="acer" name="TC_003_GET_AuthRequest" tests="1" failures="0" timestamp="15 Apr 2020 09:46:38 GMT" time="4.688" errors="0">
  <testcase name="checkAuthentication" time="4.688" classname="TC_003_GET_AuthRequest"/>
</testsuite> <!-- TC_003_GET_AuthRequest -->
